<?xml version="1.0" encoding="UTF-8" ?>
<testsuite failures="0" time="0.016" errors="0" skipped="0" tests="4" name="com.infoplus.grc.accelus.regint.bdd.RunCukeTestsIT">
  <properties>
[...]
</properties>
  <testcase time="0" classname="Scenario: A user click on click here on heroku page" name="Given I am on Multiple Windows page of herokuapp website"/>
  <testcase time="0" classname="Scenario: A user click on click here on heroku page" name="When I click on Click Here"/>
  <testcase time="0" classname="Scenario: A user click on click here on heroku page" name="Then another browser tab window opens"/>
  <testcase time="0.016" classname="Scenario: A user click on click here on heroku page" name="Scenario: A user click on click here on heroku page"/>
</testsuite>